<?xml version="1.0" encoding="UTF-8"?>
<testsuite xmlns:xsi="http://www.w3.org/2001/XMLSchema-instance" xsi:noNamespaceSchemaLocation="https://maven.apache.org/surefire/maven-surefire-plugin/xsd/surefire-test-report.xsd" name="songTest.TestPlaylist" time="0" tests="5" errors="0" skipped="0" failures="0">
  <properties>
[...]
</properties>
  <testcase name="testGetScore" classname="songTest.TestPlaylist" time="0"/>
  <testcase name="testGetSongs" classname="songTest.TestPlaylist" time="0"/>
  <testcase name="testGetScoreOfSong" classname="songTest.TestPlaylist" time="0"/>
  <testcase name="testAddrSong" classname="songTest.TestPlaylist" time="0"/>
  <testcase name="testRemoveSong" classname="songTest.TestPlaylist" time="0"/>
</testsuite>